<?xml version="1.0" encoding="UTF-8"?>
<coverage generated="1646929245903" clover="3.2.0">
  <project timestamp="1646929245903" name="All files">
    <metrics statements="85" coveredstatements="59" conditionals="61" coveredconditionals="35" methods="19" coveredmethods="11" elements="165" coveredelements="105" complexity="0" loc="85" ncloc="85" packages="1" files="3" classes="3"/>
    <file name="Checkbox.tsx" path="/Users/lt/study/react/recruitment-dev-react-multicheck-homework-TaotaoYang/src/MultiCheck/Checkbox.tsx">
      <metrics statements="21" coveredstatements="17" conditionals="17" coveredconditionals="14" methods="2" coveredmethods="1"/>
      <line num="1" count="1" type="stmt"/>
      <line num="3" count="1" type="stmt"/>
      <line num="4" count="1" type="stmt"/>
      <line num="5" count="1" type="stmt"/>
      <line num="7" count="1" type="stmt"/>
      <line num="26" count="28" type="cond" truecount="2" falsecount="0"/>
      <line num="27" count="28" type="stmt"/>
      <line num="28" count="28" type="stmt"/>
      <line num="30" count="28" type="cond" truecount="3" falsecount="0"/>
      <line num="31" count="21" type="stmt"/>
      <line num="32" count="0" type="cond" truecount="0" falsecount="1"/>
      <line num="33" count="0" type="stmt"/>
      <line num="35" count="0" type="cond" truecount="0" falsecount="1"/>
      <line num="36" count="0" type="stmt"/>
      <line num="39" count="21" type="stmt"/>
      <line num="40" count="21" type="stmt"/>
      <line num="43" count="28" type="stmt"/>
      <line num="44" count="28" type="stmt"/>
      <line num="49" count="28" type="stmt"/>
      <line num="60" count="1" type="stmt"/>
      <line num="62" count="1" type="stmt"/>
    </file>
    <file name="Group.tsx" path="/Users/lt/study/react/recruitment-dev-react-multicheck-homework-TaotaoYang/src/MultiCheck/Group.tsx">
      <metrics statements="58" coveredstatements="36" conditionals="44" coveredconditionals="21" methods="16" coveredmethods="9"/>
      <line num="1" count="1" type="stmt"/>
      <line num="3" count="1" type="stmt"/>
      <line num="4" count="1" type="stmt"/>
      <line num="33" count="1" type="stmt"/>
      <line num="36" count="7" type="cond" truecount="0" falsecount="1"/>
      <line num="37" count="7" type="cond" truecount="1" falsecount="0"/>
      <line num="38" count="0" type="stmt"/>
      <line num="39" count="0" type="stmt"/>
      <line num="40" count="0" type="stmt"/>
      <line num="41" count="0" type="stmt"/>
      <line num="42" count="0" type="stmt"/>
      <line num="44" count="0" type="stmt"/>
      <line num="47" count="1" type="stmt"/>
      <line num="52" count="7" type="stmt"/>
      <line num="53" count="7" type="stmt"/>
      <line num="56" count="7" type="cond" truecount="3" falsecount="0"/>
      <line num="58" count="7" type="stmt"/>
      <line num="59" count="7" type="stmt"/>
      <line num="62" count="7" type="stmt"/>
      <line num="63" count="3" type="cond" truecount="1" falsecount="0"/>
      <line num="64" count="3" type="cond" truecount="2" falsecount="0"/>
      <line num="65" count="3" type="cond" truecount="3" falsecount="1"/>
      <line num="66" count="9" type="cond" truecount="3" falsecount="1"/>
      <line num="67" count="3" type="stmt"/>
      <line num="68" count="3" type="cond" truecount="1" falsecount="1"/>
      <line num="72" count="7" type="stmt"/>
      <line num="73" count="0" type="stmt"/>
      <line num="76" count="7" type="stmt"/>
      <line num="77" count="0" type="stmt"/>
      <line num="80" count="7" type="stmt"/>
      <line num="81" count="0" type="stmt"/>
      <line num="82" count="0" type="stmt"/>
      <line num="83" count="0" type="cond" truecount="0" falsecount="2"/>
      <line num="84" count="0" type="stmt"/>
      <line num="86" count="0" type="stmt"/>
      <line num="88" count="0" type="cond" truecount="0" falsecount="1"/>
      <line num="89" count="0" type="stmt"/>
      <line num="91" count="0" type="stmt"/>
      <line num="92" count="0" type="cond" truecount="0" falsecount="4"/>
      <line num="93" count="0" type="stmt"/>
      <line num="95" count="0" type="stmt"/>
      <line num="97" count="0" type="cond" truecount="0" falsecount="1"/>
      <line num="98" count="0" type="cond" truecount="0" falsecount="4"/>
      <line num="101" count="7" type="stmt"/>
      <line num="110" count="1" type="stmt"/>
      <line num="111" count="1" type="stmt"/>
      <line num="112" count="1" type="stmt"/>
      <line num="113" count="1" type="stmt"/>
      <line num="114" count="3" type="stmt"/>
      <line num="115" count="1" type="cond" truecount="0" falsecount="1"/>
      <line num="116" count="0" type="cond" truecount="0" falsecount="2"/>
      <line num="118" count="1" type="cond" truecount="3" falsecount="3"/>
      <line num="121" count="7" type="cond" truecount="1" falsecount="0"/>
      <line num="122" count="7" type="stmt"/>
      <line num="123" count="7" type="stmt"/>
      <line num="133" count="21" type="stmt"/>
      <line num="148" count="7" type="stmt"/>
      <line num="155" count="1" type="stmt"/>
    </file>
    <file name="MultiCheck.tsx" path="/Users/lt/study/react/recruitment-dev-react-multicheck-homework-TaotaoYang/src/MultiCheck/MultiCheck.tsx">
      <metrics statements="6" coveredstatements="6" conditionals="0" coveredconditionals="0" methods="1" coveredmethods="1"/>
      <line num="1" count="1" type="stmt"/>
      <line num="3" count="1" type="stmt"/>
      <line num="5" count="1" type="stmt"/>
      <line num="39" count="1" type="stmt"/>
      <line num="40" count="3" type="stmt"/>
      <line num="51" count="1" type="stmt"/>
    </file>
  </project>
</coverage>
