{"/Users/lt/study/react/recruitment-dev-react-multicheck-homework-TaotaoYang/src/MultiCheck/Checkbox.tsx": {"path":"/Users/lt/study/react/recruitment-dev-react-multicheck-homework-TaotaoYang/src/MultiCheck/Checkbox.tsx","statementMap":{"0":{"start":{"line":1,"column":0},"end":{"line":1,"column":42}},"1":{"start":{"line":3,"column":0},"end":{"line":3,"column":29}},"2":{"start":{"line":4,"column":0},"end":{"line":4,"column":39}},"3":{"start":{"line":5,"column":0},"end":{"line":5,"column":27}},"4":{"start":{"line":7,"column":15},"end":{"line":7,"column":31}},"5":{"start":{"line":26,"column":36},"end":{"line":58,"column":1}},"6":{"start":{"line":26,"column":105},"end":{"line":26,"column":107}},"7":{"start":{"line":26,"column":107},"end":{"line":26,"column":119}},"8":{"start":{"line":27,"column":24},"end":{"line":27,"column":48}},"9":{"start":{"line":28,"column":21},"end":{"line":28,"column":55}},"10":{"start":{"line":30,"column":2},"end":{"line":41,"column":null}},"11":{"start":{"line":31,"column":4},"end":{"line":38,"column":6}},"12":{"start":{"line":32,"column":6},"end":{"line":34,"column":null}},"13":{"start":{"line":33,"column":8},"end":{"line":33,"column":36}},"14":{"start":{"line":35,"column":6},"end":{"line":37,"column":null}},"15":{"start":{"line":36,"column":8},"end":{"line":36,"column":90}},"16":{"start":{"line":39,"column":4},"end":{"line":39,"column":42}},"17":{"start":{"line":40,"column":4},"end":{"line":40,"column":74}},"18":{"start":{"line":43,"column":19},"end":{"line":43,"column":54}},"19":{"start":{"line":44,"column":22},"end":{"line":47,"column":4}},"20":{"start":{"line":49,"column":2},"end":{"line":57,"column":4}},"21":{"start":{"line":60,"column":0},"end":{"line":60,"column":34}},"22":{"start":{"line":62,"column":0},"end":{"line":62,"column":24}}},"fnMap":{"0":{"name":"(anonymous_3)","decl":{"start":{"line":26,"column":36},"end":{"line":26,"column":37}},"loc":{"start":{"line":26,"column":125},"end":{"line":58,"column":1}}},"1":{"name":"(anonymous_4)","decl":{"start":{"line":31,"column":29},"end":{"line":31,"column":30}},"loc":{"start":{"line":31,"column":41},"end":{"line":38,"column":5}}}},"branchMap":{"0":{"loc":{"start":{"line":26,"column":67},"end":{"line":26,"column":88}},"type":"default-arg","locations":[{"start":{"line":26,"column":83},"end":{"line":26,"column":88}}]},"1":{"loc":{"start":{"line":26,"column":90},"end":{"line":26,"column":105}},"type":"default-arg","locations":[{"start":{"line":26,"column":100},"end":{"line":26,"column":105}}]},"2":{"loc":{"start":{"line":30,"column":2},"end":{"line":41,"column":null}},"type":"if","locations":[{"start":{"line":30,"column":2},"end":{"line":41,"column":null}}]},"3":{"loc":{"start":{"line":30,"column":6},"end":{"line":30,"column":33}},"type":"binary-expr","locations":[{"start":{"line":30,"column":6},"end":{"line":30,"column":19}},{"start":{"line":30,"column":23},"end":{"line":30,"column":33}}]},"4":{"loc":{"start":{"line":32,"column":6},"end":{"line":34,"column":null}},"type":"if","locations":[{"start":{"line":32,"column":6},"end":{"line":34,"column":null}}]},"5":{"loc":{"start":{"line":35,"column":6},"end":{"line":37,"column":null}},"type":"if","locations":[{"start":{"line":35,"column":6},"end":{"line":37,"column":null}}]},"6":{"loc":{"start":{"line":45,"column":28},"end":{"line":45,"column":63}},"type":"binary-expr","locations":[{"start":{"line":45,"column":28},"end":{"line":45,"column":45}},{"start":{"line":45,"column":49},"end":{"line":45,"column":63}}]},"7":{"loc":{"start":{"line":55,"column":13},"end":{"line":55,"column":70}},"type":"cond-expr","locations":[{"start":{"line":55,"column":25},"end":{"line":55,"column":33}},{"start":{"line":55,"column":37},"end":{"line":55,"column":69}}]},"8":{"loc":{"start":{"line":55,"column":37},"end":{"line":55,"column":69}},"type":"binary-expr","locations":[{"start":{"line":55,"column":37},"end":{"line":55,"column":57}},{"start":{"line":55,"column":61},"end":{"line":55,"column":69}}]},"9":{"loc":{"start":{"line":55,"column":37},"end":{"line":55,"column":57}},"type":"cond-expr","locations":[{"start":{"line":55,"column":50},"end":{"line":55,"column":52}},{"start":{"line":55,"column":37},"end":{"line":55,"column":57}}]},"10":{"loc":{"start":{"line":55,"column":37},"end":{"line":55,"column":52}},"type":"binary-expr","locations":[{"start":{"line":55,"column":37},"end":{"line":55,"column":52}},{"start":{"line":55,"column":37},"end":{"line":55,"column":52}}]}},"s":{"0":1,"1":1,"2":1,"3":1,"4":1,"5":1,"6":28,"7":28,"8":28,"9":28,"10":28,"11":21,"12":0,"13":0,"14":0,"15":0,"16":21,"17":21,"18":28,"19":28,"20":28,"21":1,"22":1},"f":{"0":28,"1":0},"b":{"0":[21],"1":[21],"2":[21],"3":[28,28],"4":[0],"5":[0],"6":[28,1],"7":[7,21],"8":[21,15],"9":[0,21],"10":[21,21]}}
,"/Users/lt/study/react/recruitment-dev-react-multicheck-homework-TaotaoYang/src/MultiCheck/Group.tsx": {"path":"/Users/lt/study/react/recruitment-dev-react-multicheck-homework-TaotaoYang/src/MultiCheck/Group.tsx","statementMap":{"0":{"start":{"line":1,"column":0},"end":{"line":1,"column":85}},"1":{"start":{"line":3,"column":0},"end":{"line":3,"column":34}},"2":{"start":{"line":4,"column":15},"end":{"line":4,"column":31}},"3":{"start":{"line":33,"column":13},"end":{"line":33,"column":77}},"4":{"start":{"line":36,"column":2},"end":{"line":36,"column":30}},"5":{"start":{"line":36,"column":20},"end":{"line":36,"column":30}},"6":{"start":{"line":37,"column":2},"end":{"line":37,"column":33}},"7":{"start":{"line":37,"column":19},"end":{"line":37,"column":33}},"8":{"start":{"line":38,"column":19},"end":{"line":38,"column":51}},"9":{"start":{"line":39,"column":12},"end":{"line":39,"column":14}},"10":{"start":{"line":40,"column":13},"end":{"line":40,"column":25}},"11":{"start":{"line":41,"column":2},"end":{"line":43,"column":null}},"12":{"start":{"line":42,"column":4},"end":{"line":42,"column":39}},"13":{"start":{"line":44,"column":2},"end":{"line":44,"column":13}},"14":{"start":{"line":47,"column":46},"end":{"line":153,"column":1}},"15":{"start":{"line":52,"column":10},"end":{"line":52,"column":null}},"16":{"start":{"line":53,"column":2},"end":{"line":53,"column":14}},"17":{"start":{"line":56,"column":28},"end":{"line":56,"column":85}},"18":{"start":{"line":58,"column":34},"end":{"line":58,"column":55}},"19":{"start":{"line":59,"column":44},"end":{"line":59,"column":65}},"20":{"start":{"line":62,"column":2},"end":{"line":70,"column":24}},"21":{"start":{"line":63,"column":4},"end":{"line":69,"column":null}},"22":{"start":{"line":64,"column":6},"end":{"line":64,"column":38}},"23":{"start":{"line":65,"column":25},"end":{"line":65,"column":79}},"24":{"start":{"line":65,"column":43},"end":{"line":65,"column":78}},"25":{"start":{"line":66,"column":30},"end":{"line":66,"column":83}},"26":{"start":{"line":66,"column":47},"end":{"line":66,"column":82}},"27":{"start":{"line":67,"column":6},"end":{"line":67,"column":30}},"28":{"start":{"line":68,"column":6},"end":{"line":68,"column":55}},"29":{"start":{"line":72,"column":22},"end":{"line":74,"column":3}},"30":{"start":{"line":73,"column":4},"end":{"line":73,"column":62}},"31":{"start":{"line":73,"column":27},"end":{"line":73,"column":60}},"32":{"start":{"line":73,"column":50},"end":{"line":73,"column":59}},"33":{"start":{"line":76,"column":24},"end":{"line":78,"column":3}},"34":{"start":{"line":77,"column":4},"end":{"line":77,"column":49}},"35":{"start":{"line":77,"column":27},"end":{"line":77,"column":47}},"36":{"start":{"line":80,"column":23},"end":{"line":99,"column":3}},"37":{"start":{"line":81,"column":24},"end":{"line":81,"column":51}},"38":{"start":{"line":82,"column":21},"end":{"line":82,"column":34}},"39":{"start":{"line":83,"column":4},"end":{"line":87,"column":null}},"40":{"start":{"line":84,"column":6},"end":{"line":84,"column":34}},"41":{"start":{"line":86,"column":6},"end":{"line":86,"column":38}},"42":{"start":{"line":88,"column":4},"end":{"line":90,"column":null}},"43":{"start":{"line":89,"column":6},"end":{"line":89,"column":25}},"44":{"start":{"line":91,"column":27},"end":{"line":91,"column":74}},"45":{"start":{"line":91,"column":47},"end":{"line":91,"column":73}},"46":{"start":{"line":92,"column":4},"end":{"line":96,"column":null}},"47":{"start":{"line":93,"column":6},"end":{"line":93,"column":29}},"48":{"start":{"line":95,"column":6},"end":{"line":95,"column":30}},"49":{"start":{"line":97,"column":4},"end":{"line":97,"column":55}},"50":{"start":{"line":97,"column":36},"end":{"line":97,"column":55}},"51":{"start":{"line":98,"column":4},"end":{"line":98,"column":31}},"52":{"start":{"line":101,"column":18},"end":{"line":107,"column":4}},"53":{"start":{"line":110,"column":20},"end":{"line":110,"column":36}},"54":{"start":{"line":111,"column":4},"end":{"line":111,"column":null}},"55":{"start":{"line":112,"column":4},"end":{"line":112,"column":28}},"56":{"start":{"line":113,"column":4},"end":{"line":113,"column":25}},"57":{"start":{"line":114,"column":22},"end":{"line":114,"column":47}},"58":{"start":{"line":114,"column":39},"end":{"line":114,"column":46}},"59":{"start":{"line":115,"column":4},"end":{"line":117,"column":null}},"60":{"start":{"line":116,"column":6},"end":{"line":116,"column":41}},"61":{"start":{"line":118,"column":4},"end":{"line":118,"column":39}},"62":{"start":{"line":121,"column":2},"end":{"line":146,"column":null}},"63":{"start":{"line":122,"column":4},"end":{"line":145,"column":7}},"64":{"start":{"line":123,"column":6},"end":{"line":144,"column":8}},"65":{"start":{"line":133,"column":12},"end":{"line":141,"column":14}},"66":{"start":{"line":148,"column":2},"end":{"line":152,"column":4}},"67":{"start":{"line":155,"column":0},"end":{"line":155,"column":35}}},"fnMap":{"0":{"name":"groupByColumn","decl":{"start":{"line":35,"column":9},"end":{"line":35,"column":22}},"loc":{"start":{"line":35,"column":65},"end":{"line":45,"column":1}}},"1":{"name":"(anonymous_4)","decl":{"start":{"line":47,"column":46},"end":{"line":47,"column":47}},"loc":{"start":{"line":54,"column":5},"end":{"line":153,"column":1}}},"2":{"name":"(anonymous_5)","decl":{"start":{"line":62,"column":12},"end":{"line":62,"column":15}},"loc":{"start":{"line":62,"column":17},"end":{"line":70,"column":3}}},"3":{"name":"(anonymous_6)","decl":{"start":{"line":65,"column":39},"end":{"line":65,"column":40}},"loc":{"start":{"line":65,"column":43},"end":{"line":65,"column":78}}},"4":{"name":"(anonymous_7)","decl":{"start":{"line":66,"column":43},"end":{"line":66,"column":44}},"loc":{"start":{"line":66,"column":47},"end":{"line":66,"column":82}}},"5":{"name":"(anonymous_8)","decl":{"start":{"line":72,"column":22},"end":{"line":72,"column":23}},"loc":{"start":{"line":72,"column":38},"end":{"line":74,"column":3}}},"6":{"name":"(anonymous_9)","decl":{"start":{"line":73,"column":13},"end":{"line":73,"column":23}},"loc":{"start":{"line":73,"column":27},"end":{"line":73,"column":60}}},"7":{"name":"(anonymous_10)","decl":{"start":{"line":73,"column":45},"end":{"line":73,"column":46}},"loc":{"start":{"line":73,"column":50},"end":{"line":73,"column":59}}},"8":{"name":"(anonymous_11)","decl":{"start":{"line":76,"column":24},"end":{"line":76,"column":25}},"loc":{"start":{"line":76,"column":40},"end":{"line":78,"column":3}}},"9":{"name":"(anonymous_12)","decl":{"start":{"line":77,"column":13},"end":{"line":77,"column":23}},"loc":{"start":{"line":77,"column":27},"end":{"line":77,"column":47}}},"10":{"name":"(anonymous_13)","decl":{"start":{"line":80,"column":23},"end":{"line":80,"column":24}},"loc":{"start":{"line":80,"column":54},"end":{"line":99,"column":3}}},"11":{"name":"(anonymous_14)","decl":{"start":{"line":91,"column":42},"end":{"line":91,"column":43}},"loc":{"start":{"line":91,"column":47},"end":{"line":91,"column":73}}},"12":{"name":"handleCheckedAll","decl":{"start":{"line":109,"column":11},"end":{"line":109,"column":27}},"loc":{"start":{"line":109,"column":60},"end":{"line":119,"column":3}}},"13":{"name":"(anonymous_16)","decl":{"start":{"line":114,"column":34},"end":{"line":114,"column":35}},"loc":{"start":{"line":114,"column":39},"end":{"line":114,"column":46}}},"14":{"name":"(anonymous_17)","decl":{"start":{"line":122,"column":50},"end":{"line":122,"column":51}},"loc":{"start":{"line":122,"column":65},"end":{"line":145,"column":5}}},"15":{"name":"(anonymous_18)","decl":{"start":{"line":132,"column":19},"end":{"line":132,"column":25}},"loc":{"start":{"line":132,"column":28},"end":{"line":142,"column":11}}}},"branchMap":{"0":{"loc":{"start":{"line":36,"column":2},"end":{"line":36,"column":30}},"type":"if","locations":[{"start":{"line":36,"column":2},"end":{"line":36,"column":30}}]},"1":{"loc":{"start":{"line":37,"column":2},"end":{"line":37,"column":33}},"type":"if","locations":[{"start":{"line":37,"column":2},"end":{"line":37,"column":33}}]},"2":{"loc":{"start":{"line":49,"column":2},"end":{"line":49,"column":12}},"type":"default-arg","locations":[{"start":{"line":49,"column":11},"end":{"line":49,"column":12}}]},"3":{"loc":{"start":{"line":50,"column":2},"end":{"line":50,"column":14}},"type":"default-arg","locations":[{"start":{"line":50,"column":12},"end":{"line":50,"column":14}}]},"4":{"loc":{"start":{"line":56,"column":47},"end":{"line":56,"column":84}},"type":"binary-expr","locations":[{"start":{"line":56,"column":47},"end":{"line":56,"column":62}},{"start":{"line":56,"column":66},"end":{"line":56,"column":78}},{"start":{"line":56,"column":82},"end":{"line":56,"column":84}}]},"5":{"loc":{"start":{"line":63,"column":4},"end":{"line":69,"column":null}},"type":"if","locations":[{"start":{"line":63,"column":4},"end":{"line":69,"column":null}}]},"6":{"loc":{"start":{"line":64,"column":15},"end":{"line":64,"column":36}},"type":"binary-expr","locations":[{"start":{"line":64,"column":15},"end":{"line":64,"column":30}},{"start":{"line":64,"column":34},"end":{"line":64,"column":36}}]},"7":{"loc":{"start":{"line":65,"column":43},"end":{"line":65,"column":78}},"type":"cond-expr","locations":[{"start":{"line":65,"column":59},"end":{"line":65,"column":61}},{"start":{"line":65,"column":59},"end":{"line":65,"column":78}}]},"8":{"loc":{"start":{"line":65,"column":43},"end":{"line":65,"column":61}},"type":"binary-expr","locations":[{"start":{"line":65,"column":43},"end":{"line":65,"column":61}},{"start":{"line":65,"column":59},"end":{"line":65,"column":61}}]},"9":{"loc":{"start":{"line":66,"column":47},"end":{"line":66,"column":82}},"type":"cond-expr","locations":[{"start":{"line":66,"column":63},"end":{"line":66,"column":65}},{"start":{"line":66,"column":63},"end":{"line":66,"column":82}}]},"10":{"loc":{"start":{"line":66,"column":47},"end":{"line":66,"column":65}},"type":"binary-expr","locations":[{"start":{"line":66,"column":47},"end":{"line":66,"column":65}},{"start":{"line":66,"column":63},"end":{"line":66,"column":65}}]},"11":{"loc":{"start":{"line":68,"column":23},"end":{"line":68,"column":53}},"type":"binary-expr","locations":[{"start":{"line":68,"column":23},"end":{"line":68,"column":38}},{"start":{"line":68,"column":42},"end":{"line":68,"column":53}}]},"12":{"loc":{"start":{"line":83,"column":4},"end":{"line":87,"column":null}},"type":"if","locations":[{"start":{"line":83,"column":4},"end":{"line":87,"column":null}},{"start":{"line":85,"column":11},"end":{"line":87,"column":null}}]},"13":{"loc":{"start":{"line":88,"column":4},"end":{"line":90,"column":null}},"type":"if","locations":[{"start":{"line":88,"column":4},"end":{"line":90,"column":null}}]},"14":{"loc":{"start":{"line":92,"column":4},"end":{"line":96,"column":null}},"type":"if","locations":[{"start":{"line":92,"column":4},"end":{"line":96,"column":null}},{"start":{"line":94,"column":9},"end":{"line":96,"column":null}}]},"15":{"loc":{"start":{"line":92,"column":7},"end":{"line":92,"column":74}},"type":"binary-expr","locations":[{"start":{"line":92,"column":7},"end":{"line":92,"column":32}},{"start":{"line":92,"column":36},"end":{"line":92,"column":74}}]},"16":{"loc":{"start":{"line":97,"column":4},"end":{"line":97,"column":55}},"type":"if","locations":[{"start":{"line":97,"column":4},"end":{"line":97,"column":55}}]},"17":{"loc":{"start":{"line":98,"column":4},"end":{"line":98,"column":31}},"type":"cond-expr","locations":[{"start":{"line":98,"column":12},"end":{"line":98,"column":15}},{"start":{"line":98,"column":4},"end":{"line":98,"column":31}}]},"18":{"loc":{"start":{"line":98,"column":4},"end":{"line":98,"column":15}},"type":"binary-expr","locations":[{"start":{"line":98,"column":4},"end":{"line":98,"column":15}},{"start":{"line":98,"column":4},"end":{"line":98,"column":15}}]},"19":{"loc":{"start":{"line":115,"column":4},"end":{"line":117,"column":null}},"type":"if","locations":[{"start":{"line":115,"column":4},"end":{"line":117,"column":null}}]},"20":{"loc":{"start":{"line":116,"column":15},"end":{"line":116,"column":39}},"type":"cond-expr","locations":[{"start":{"line":116,"column":25},"end":{"line":116,"column":34}},{"start":{"line":116,"column":37},"end":{"line":116,"column":39}}]},"21":{"loc":{"start":{"line":118,"column":4},"end":{"line":118,"column":39}},"type":"cond-expr","locations":[{"start":{"line":118,"column":12},"end":{"line":118,"column":15}},{"start":{"line":118,"column":4},"end":{"line":118,"column":39}}]},"22":{"loc":{"start":{"line":118,"column":4},"end":{"line":118,"column":15}},"type":"binary-expr","locations":[{"start":{"line":118,"column":4},"end":{"line":118,"column":15}},{"start":{"line":118,"column":4},"end":{"line":118,"column":15}}]},"23":{"loc":{"start":{"line":118,"column":15},"end":{"line":118,"column":37}},"type":"cond-expr","locations":[{"start":{"line":118,"column":25},"end":{"line":118,"column":32}},{"start":{"line":118,"column":35},"end":{"line":118,"column":37}}]},"24":{"loc":{"start":{"line":121,"column":2},"end":{"line":146,"column":null}},"type":"if","locations":[{"start":{"line":121,"column":2},"end":{"line":146,"column":null}}]},"25":{"loc":{"start":{"line":125,"column":11},"end":{"line":130,"column":null}},"type":"binary-expr","locations":[{"start":{"line":125,"column":11},"end":{"line":125,"column":22}},{"start":{"line":126,"column":12},"end":{"line":129,"column":null}}]}},"s":{"0":1,"1":1,"2":1,"3":1,"4":7,"5":0,"6":7,"7":7,"8":0,"9":0,"10":0,"11":0,"12":0,"13":0,"14":1,"15":7,"16":7,"17":7,"18":7,"19":7,"20":7,"21":3,"22":3,"23":3,"24":3,"25":3,"26":9,"27":3,"28":3,"29":7,"30":0,"31":0,"32":0,"33":7,"34":0,"35":0,"36":7,"37":0,"38":0,"39":0,"40":0,"41":0,"42":0,"43":0,"44":0,"45":0,"46":0,"47":0,"48":0,"49":0,"50":0,"51":0,"52":7,"53":1,"54":1,"55":1,"56":1,"57":1,"58":3,"59":1,"60":0,"61":1,"62":7,"63":7,"64":7,"65":21,"66":7,"67":1},"f":{"0":7,"1":7,"2":3,"3":3,"4":9,"5":0,"6":0,"7":0,"8":0,"9":0,"10":0,"11":0,"12":1,"13":3,"14":7,"15":21},"b":{"0":[0],"1":[7],"2":[7],"3":[0],"4":[7,7,7],"5":[3],"6":[3,3],"7":[3,0],"8":[3,3],"9":[9,0],"10":[9,9],"11":[3,0],"12":[0,0],"13":[0],"14":[0,0],"15":[0,0],"16":[0],"17":[0,0],"18":[0,0],"19":[0],"20":[0,0],"21":[1,0],"22":[1,1],"23":[0,0],"24":[7],"25":[7,7]}}
,"/Users/lt/study/react/recruitment-dev-react-multicheck-homework-TaotaoYang/src/MultiCheck/MultiCheck.tsx": {"path":"/Users/lt/study/react/recruitment-dev-react-multicheck-homework-TaotaoYang/src/MultiCheck/MultiCheck.tsx","statementMap":{"0":{"start":{"line":1,"column":0},"end":{"line":1,"column":27}},"1":{"start":{"line":3,"column":0},"end":{"line":3,"column":26}},"2":{"start":{"line":5,"column":0},"end":{"line":5,"column":35}},"3":{"start":{"line":39,"column":13},"end":{"line":49,"column":null}},"4":{"start":{"line":40,"column":2},"end":{"line":48,"column":null}},"5":{"start":{"line":51,"column":0},"end":{"line":51,"column":26}}},"fnMap":{"0":{"name":"(anonymous_1)","decl":{"start":{"line":39,"column":37},"end":{"line":39,"column":38}},"loc":{"start":{"line":39,"column":87},"end":{"line":49,"column":1}}}},"branchMap":{},"s":{"0":1,"1":1,"2":1,"3":1,"4":3,"5":1},"f":{"0":3},"b":{}}
}
