TN:
SF:src/MultiCheck/Checkbox.tsx
FN:26,(anonymous_3)
FN:31,(anonymous_4)
FNF:2
FNH:1
FNDA:28,(anonymous_3)
FNDA:0,(anonymous_4)
DA:1,1
DA:3,1
DA:4,1
DA:5,1
DA:7,1
DA:26,28
DA:27,28
DA:28,28
DA:30,28
DA:31,21
DA:32,0
DA:33,0
DA:35,0
DA:36,0
DA:39,21
DA:40,21
DA:43,28
DA:44,28
DA:49,28
DA:60,1
DA:62,1
LF:21
LH:17
BRDA:26,0,0,21
BRDA:26,1,0,21
BRDA:30,2,0,21
BRDA:30,3,0,28
BRDA:30,3,1,28
BRDA:32,4,0,0
BRDA:35,5,0,0
BRDA:45,6,0,28
BRDA:45,6,1,1
BRDA:55,7,0,7
BRDA:55,7,1,21
BRDA:55,8,0,21
BRDA:55,8,1,15
BRDA:55,9,0,0
BRDA:55,9,1,21
BRDA:55,10,0,21
BRDA:55,10,1,21
BRF:17
BRH:14
end_of_record
TN:
SF:src/MultiCheck/Group.tsx
FN:35,groupByColumn
FN:47,(anonymous_4)
FN:62,(anonymous_5)
FN:65,(anonymous_6)
FN:66,(anonymous_7)
FN:72,(anonymous_8)
FN:73,(anonymous_9)
FN:73,(anonymous_10)
FN:76,(anonymous_11)
FN:77,(anonymous_12)
FN:80,(anonymous_13)
FN:91,(anonymous_14)
FN:109,handleCheckedAll
FN:114,(anonymous_16)
FN:122,(anonymous_17)
FN:132,(anonymous_18)
FNF:16
FNH:9
FNDA:7,groupByColumn
FNDA:7,(anonymous_4)
FNDA:3,(anonymous_5)
FNDA:3,(anonymous_6)
FNDA:9,(anonymous_7)
FNDA:0,(anonymous_8)
FNDA:0,(anonymous_9)
FNDA:0,(anonymous_10)
FNDA:0,(anonymous_11)
FNDA:0,(anonymous_12)
FNDA:0,(anonymous_13)
FNDA:0,(anonymous_14)
FNDA:1,handleCheckedAll
FNDA:3,(anonymous_16)
FNDA:7,(anonymous_17)
FNDA:21,(anonymous_18)
DA:1,1
DA:3,1
DA:4,1
DA:33,1
DA:36,7
DA:37,7
DA:38,0
DA:39,0
DA:40,0
DA:41,0
DA:42,0
DA:44,0
DA:47,1
DA:52,7
DA:53,7
DA:56,7
DA:58,7
DA:59,7
DA:62,7
DA:63,3
DA:64,3
DA:65,3
DA:66,9
DA:67,3
DA:68,3
DA:72,7
DA:73,0
DA:76,7
DA:77,0
DA:80,7
DA:81,0
DA:82,0
DA:83,0
DA:84,0
DA:86,0
DA:88,0
DA:89,0
DA:91,0
DA:92,0
DA:93,0
DA:95,0
DA:97,0
DA:98,0
DA:101,7
DA:110,1
DA:111,1
DA:112,1
DA:113,1
DA:114,3
DA:115,1
DA:116,0
DA:118,1
DA:121,7
DA:122,7
DA:123,7
DA:133,21
DA:148,7
DA:155,1
LF:58
LH:36
BRDA:36,0,0,0
BRDA:37,1,0,7
BRDA:49,2,0,7
BRDA:50,3,0,0
BRDA:56,4,0,7
BRDA:56,4,1,7
BRDA:56,4,2,7
BRDA:63,5,0,3
BRDA:64,6,0,3
BRDA:64,6,1,3
BRDA:65,7,0,3
BRDA:65,7,1,0
BRDA:65,8,0,3
BRDA:65,8,1,3
BRDA:66,9,0,9
BRDA:66,9,1,0
BRDA:66,10,0,9
BRDA:66,10,1,9
BRDA:68,11,0,3
BRDA:68,11,1,0
BRDA:83,12,0,0
BRDA:83,12,1,0
BRDA:88,13,0,0
BRDA:92,14,0,0
BRDA:92,14,1,0
BRDA:92,15,0,0
BRDA:92,15,1,0
BRDA:97,16,0,0
BRDA:98,17,0,0
BRDA:98,17,1,0
BRDA:98,18,0,0
BRDA:98,18,1,0
BRDA:115,19,0,0
BRDA:116,20,0,0
BRDA:116,20,1,0
BRDA:118,21,0,1
BRDA:118,21,1,0
BRDA:118,22,0,1
BRDA:118,22,1,1
BRDA:118,23,0,0
BRDA:118,23,1,0
BRDA:121,24,0,7
BRDA:125,25,0,7
BRDA:125,25,1,7
BRF:44
BRH:21
end_of_record
TN:
SF:src/MultiCheck/MultiCheck.tsx
FN:39,(anonymous_1)
FNF:1
FNH:1
FNDA:3,(anonymous_1)
DA:1,1
DA:3,1
DA:5,1
DA:39,1
DA:40,3
DA:51,1
LF:6
LH:6
BRF:0
BRH:0
end_of_record
